app/build/intermediates/manifest_merge_blame_file/debug/processDebugMainManifest/manifest-merger-blame-debug-report.txt
1<?xml version="1.0" encoding="utf-8"?>
2<manifest xmlns:android="http://schemas.android.com/apk/res/android"
3    package="com.example.languagefluencyriser"
4    android:versionCode="1"
5    android:versionName="0.1.0" >
6
7    <uses-sdk
8        android:minSdkVersion="26"
9        android:targetSdkVersion="35" />
10
11    <uses-permission android:name="android.permission.INTERNET" />
11-->src\main\AndroidManifest.xml:2:5-67
11-->src\main\AndroidManifest.xml:2:22-64
12    <uses-permission android:name="android.permission.RECORD_AUDIO" />
12-->src\main\AndroidManifest.xml:3:5-71
12-->src\main\AndroidManifest.xml:3:22-68
13
14    <application
14-->src\main\AndroidManifest.xml:5:5-18:19
15        android:allowBackup="true"
15-->src\main\AndroidManifest.xml:6:9-35
16        android:debuggable="true"
17        android:extractNativeLibs="false"
18        android:label="@string/app_name"
18-->src\main\AndroidManifest.xml:7:9-41
19        android:theme="@style/AppTheme"
19-->src\main\AndroidManifest.xml:8:9-40
20        android:usesCleartextTraffic="true" >
20-->src\main\AndroidManifest.xml:9:9-44
21        <activity
21-->src\main\AndroidManifest.xml:10:9-17:20
22            android:name="com.example.languagefluencyriser.MainActivity"
22-->src\main\AndroidManifest.xml:11:13-41
23            android:exported="true" >
23-->src\main\AndroidManifest.xml:12:13-36
24            <intent-filter>
24-->src\main\AndroidManifest.xml:13:13-16:29
25                <action android:name="android.intent.action.MAIN" />
25-->src\main\AndroidManifest.xml:14:17-69
25-->src\main\AndroidManifest.xml:14:25-66
26
27                <category android:name="android.intent.category.LAUNCHER" />
27-->src\main\AndroidManifest.xml:15:17-77
27-->src\main\AndroidManifest.xml:15:27-74
28            </intent-filter>
29        </activity>
30    </application>
31
32</manifest>